<?xml version="1.0" encoding="UTF-8"?>
<!-- Generated by org.testng.reporters.JUnitReportReporter -->
<testsuite hostname="LAPTOP-PNS4KIT7" failures="0" tests="1" name="testes.InputFormTest" time="6.367" errors="0" timestamp="2023-12-25T10:15:50 IST" skipped="0">
  <testcase classname="testes.InputFormTest" name="verify_clickOnInputForm" time="6.367"/>
  <system-out/>
</testsuite> <!-- testes.InputFormTest -->
