<?xml version="1.0" encoding="UTF-8"?>
<!-- Generated by org.testng.reporters.JUnitReportReporter -->
<testsuite hostname="LAPTOP-PNS4KIT7" failures="0" tests="1" name="testes.HomeTest" time="6.383" errors="0" timestamp="2023-12-25T10:05:58 IST" skipped="0">
  <testcase classname="testes.HomeTest" name="verify_titleDisplayed" time="6.383"/>
  <system-out/>
</testsuite> <!-- testes.HomeTest -->
