<?xml version="1.0" encoding="UTF-8"?>
<!-- Generated by org.testng.reporters.JUnitReportReporter -->
<testsuite hostname="LAPTOP-PNS4KIT7" failures="0" tests="1" name="testes.InputFormTest" time="5.112" errors="0" timestamp="2023-12-14T22:08:32 IST" skipped="0">
  <testcase classname="testes.InputFormTest" name="verify_ShowMessageBtn" time="5.112"/>
  <system-out/>
</testsuite> <!-- testes.InputFormTest -->
