<?xml version="1.0" encoding="UTF-8"?>
<!-- Generated by org.testng.reporters.JUnitReportReporter -->
<testsuite hostname="LAPTOP-PNS4KIT7" failures="0" tests="1" name="testes.DatePickerTest" time="9.871" errors="0" timestamp="2023-12-25T20:01:04 IST" skipped="0">
  <testcase classname="testes.DatePickerTest" name="verify_chooseDate" time="9.871"/>
  <system-out/>
</testsuite> <!-- testes.DatePickerTest -->
