<?xml version="1.0" encoding="UTF-8"?>
<!-- Generated by org.testng.reporters.JUnitReportReporter -->
<testsuite hostname="LAPTOP-PNS4KIT7" failures="0" tests="1" name="testes.TableTest" time="5.380" errors="0" timestamp="2023-12-25T16:24:38 IST" skipped="0">
  <testcase classname="testes.TableTest" name="verify_getOfficeOfPerson" time="5.380"/>
  <system-out/>
</testsuite> <!-- testes.TableTest -->
